This is pdfTeX, Version 3.14159265-2.6-1.40.16 (TeX Live 2015) (preloaded format=pdflatex 2015.9.9)  23 NOV 2015 12:57
entering extended mode
 restricted \write18 enabled.
 file:line:error style messages enabled.
 %&-line parsing enabled.
**light_rail-icaps16.tex
(./light_rail-icaps16.tex
LaTeX2e <2015/01/01>
Babel <3.9l> and hyphenation patterns for 79 languages loaded.
(/usr/local/texlive/2015/texmf-dist/tex/latex/base/article.cls
Document Class: article 2014/09/29 v1.4h Standard LaTeX document class
(/usr/local/texlive/2015/texmf-dist/tex/latex/base/size10.clo
File: size10.clo 2014/09/29 v1.4h Standard LaTeX file (size option)
)
\c@part=\count79
\c@section=\count80
\c@subsection=\count81
\c@subsubsection=\count82
\c@paragraph=\count83
\c@subparagraph=\count84
\c@figure=\count85
\c@table=\count86
\abovecaptionskip=\skip41
\belowcaptionskip=\skip42
\bibindent=\dimen102
) (./aaai.sty
Conference Style for AAAI for LaTeX 2e -- version of 1 January 2015
\titlebox=\skip43
) (/usr/local/texlive/2015/texmf-dist/tex/latex/psnfss/times.sty
Package: times 2005/04/12 PSNFSS-v9.2a (SPQR) 
)
(/usr/local/texlive/2015/texmf-dist/tex/latex/psnfss/helvet.sty
Package: helvet 2005/04/12 PSNFSS-v9.2a (WaS) 

(/usr/local/texlive/2015/texmf-dist/tex/latex/graphics/keyval.sty
Package: keyval 2014/10/28 v1.15 key=value parser (DPC)
\KV@toks@=\toks14
))
(/usr/local/texlive/2015/texmf-dist/tex/latex/psnfss/courier.sty
Package: courier 2005/04/12 PSNFSS-v9.2a (WaS) 
)
(/usr/local/texlive/2015/texmf-dist/tex/latex/amsmath/amsmath.sty
Package: amsmath 2013/01/14 v2.14 AMS math features
\@mathmargin=\skip44

For additional information on amsmath, use the `?' option.
(/usr/local/texlive/2015/texmf-dist/tex/latex/amsmath/amstext.sty
Package: amstext 2000/06/29 v2.01

(/usr/local/texlive/2015/texmf-dist/tex/latex/amsmath/amsgen.sty
File: amsgen.sty 1999/11/30 v2.0
\@emptytoks=\toks15
\ex@=\dimen103
))
(/usr/local/texlive/2015/texmf-dist/tex/latex/amsmath/amsbsy.sty
Package: amsbsy 1999/11/29 v1.2d
\pmbraise@=\dimen104
)
(/usr/local/texlive/2015/texmf-dist/tex/latex/amsmath/amsopn.sty
Package: amsopn 1999/12/14 v2.01 operator names
)
\inf@bad=\count87
LaTeX Info: Redefining \frac on input line 210.
\uproot@=\count88
\leftroot@=\count89
LaTeX Info: Redefining \overline on input line 306.
\classnum@=\count90
\DOTSCASE@=\count91
LaTeX Info: Redefining \ldots on input line 378.
LaTeX Info: Redefining \dots on input line 381.
LaTeX Info: Redefining \cdots on input line 466.
\Mathstrutbox@=\box26
\strutbox@=\box27
\big@size=\dimen105
LaTeX Font Info:    Redeclaring font encoding OML on input line 566.
LaTeX Font Info:    Redeclaring font encoding OMS on input line 567.
\macc@depth=\count92
\c@MaxMatrixCols=\count93
\dotsspace@=\muskip10
\c@parentequation=\count94
\dspbrk@lvl=\count95
\tag@help=\toks16
\row@=\count96
\column@=\count97
\maxfields@=\count98
\andhelp@=\toks17
\eqnshift@=\dimen106
\alignsep@=\dimen107
\tagshift@=\dimen108
\tagwidth@=\dimen109
\totwidth@=\dimen110
\lineht@=\dimen111
\@envbody=\toks18
\multlinegap=\skip45
\multlinetaggap=\skip46
\mathdisplay@stack=\toks19
LaTeX Info: Redefining \[ on input line 2665.
LaTeX Info: Redefining \] on input line 2666.
)
(/usr/local/texlive/2015/texmf-dist/tex/latex/amsfonts/amsfonts.sty
Package: amsfonts 2013/01/14 v3.01 Basic AMSFonts support
\symAMSa=\mathgroup4
\symAMSb=\mathgroup5
LaTeX Font Info:    Overwriting math alphabet `\mathfrak' in version `bold'
(Font)                  U/euf/m/n --> U/euf/b/n on input line 106.
)
(/usr/local/texlive/2015/texmf-dist/tex/latex/amsfonts/amssymb.sty
Package: amssymb 2013/01/14 v3.01 AMS font symbols
)
(/usr/local/texlive/2015/texmf-dist/tex/latex/graphics/graphicx.sty
Package: graphicx 2014/10/28 v1.0g Enhanced LaTeX Graphics (DPC,SPQR)

(/usr/local/texlive/2015/texmf-dist/tex/latex/graphics/graphics.sty
Package: graphics 2014/10/28 v1.0p Standard LaTeX Graphics (DPC,SPQR)

(/usr/local/texlive/2015/texmf-dist/tex/latex/graphics/trig.sty
Package: trig 1999/03/16 v1.09 sin cos tan (DPC)
)
(/usr/local/texlive/2015/texmf-dist/tex/latex/latexconfig/graphics.cfg
File: graphics.cfg 2010/04/23 v1.9 graphics configuration of TeX Live
)
Package graphics Info: Driver file: pdftex.def on input line 94.

(/usr/local/texlive/2015/texmf-dist/tex/latex/pdftex-def/pdftex.def
File: pdftex.def 2011/05/27 v0.06d Graphics/color for pdfTeX

(/usr/local/texlive/2015/texmf-dist/tex/generic/oberdiek/infwarerr.sty
Package: infwarerr 2010/04/08 v1.3 Providing info/warning/error messages (HO)
)
(/usr/local/texlive/2015/texmf-dist/tex/generic/oberdiek/ltxcmds.sty
Package: ltxcmds 2011/11/09 v1.22 LaTeX kernel commands for general use (HO)
)
\Gread@gobject=\count99
))
\Gin@req@height=\dimen112
\Gin@req@width=\dimen113
)
(/usr/local/texlive/2015/texmf-dist/tex/latex/url/url.sty
\Urlmuskip=\muskip11
Package: url 2013/09/16  ver 3.4  Verb mode for urls, etc.
)
(/usr/local/texlive/2015/texmf-dist/tex/latex/subfigure/subfigure.sty
Package: subfigure 2002/03/15 v2.1.5 subfigure package
\subfigtopskip=\skip47
\subfigcapskip=\skip48
\subfigcaptopadj=\dimen114
\subfigbottomskip=\skip49
\subfigcapmargin=\dimen115
\subfiglabelskip=\skip50
\c@subfigure=\count100
\c@lofdepth=\count101
\c@subtable=\count102
\c@lotdepth=\count103

****************************************
* Local config file subfigure.cfg used *
****************************************
(/usr/local/texlive/2015/texmf-dist/tex/latex/subfigure/subfigure.cfg)
\subfig@top=\skip51
\subfig@bottom=\skip52
)
(/usr/local/texlive/2015/texmf-dist/tex/latex/graphics/color.sty
Package: color 2014/10/28 v1.1a Standard LaTeX Color (DPC)

(/usr/local/texlive/2015/texmf-dist/tex/latex/latexconfig/color.cfg
File: color.cfg 2007/01/18 v1.5 color configuration of teTeX/TeXLive
)
Package color Info: Driver file: pdftex.def on input line 142.
)
(/usr/local/texlive/2015/texmf-dist/tex/latex/oberdiek/epstopdf.sty
Package: epstopdf 2010/02/09 v2.5 Conversion with epstopdf on the fly (HO)

(/usr/local/texlive/2015/texmf-dist/tex/latex/oberdiek/epstopdf-base.sty
Package: epstopdf-base 2010/02/09 v2.5 Base part for package epstopdf

(/usr/local/texlive/2015/texmf-dist/tex/latex/oberdiek/grfext.sty
Package: grfext 2010/08/19 v1.1 Manage graphics extensions (HO)

(/usr/local/texlive/2015/texmf-dist/tex/generic/oberdiek/kvdefinekeys.sty
Package: kvdefinekeys 2011/04/07 v1.3 Define keys (HO)
))
(/usr/local/texlive/2015/texmf-dist/tex/latex/oberdiek/kvoptions.sty
Package: kvoptions 2011/06/30 v3.11 Key value format for package options (HO)

(/usr/local/texlive/2015/texmf-dist/tex/generic/oberdiek/kvsetkeys.sty
Package: kvsetkeys 2012/04/25 v1.16 Key value parser (HO)

(/usr/local/texlive/2015/texmf-dist/tex/generic/oberdiek/etexcmds.sty
Package: etexcmds 2011/02/16 v1.5 Avoid name clashes with e-TeX commands (HO)

(/usr/local/texlive/2015/texmf-dist/tex/generic/oberdiek/ifluatex.sty
Package: ifluatex 2010/03/01 v1.3 Provides the ifluatex switch (HO)
Package ifluatex Info: LuaTeX not detected.
)
Package etexcmds Info: Could not find \expanded.
(etexcmds)             That can mean that you are not using pdfTeX 1.50 or
(etexcmds)             that some package has redefined \expanded.
(etexcmds)             In the latter case, load this package earlier.
)))
(/usr/local/texlive/2015/texmf-dist/tex/generic/oberdiek/pdftexcmds.sty
Package: pdftexcmds 2011/11/29 v0.20 Utility functions of pdfTeX for LuaTeX (HO
)

(/usr/local/texlive/2015/texmf-dist/tex/generic/oberdiek/ifpdf.sty
Package: ifpdf 2011/01/30 v2.3 Provides the ifpdf switch (HO)
Package ifpdf Info: pdfTeX in PDF mode is detected.
)
Package pdftexcmds Info: LuaTeX not detected.
Package pdftexcmds Info: \pdf@primitive is available.
Package pdftexcmds Info: \pdf@ifprimitive is available.
Package pdftexcmds Info: \pdfdraftmode found.
)
Package grfext Info: Graphics extension search list:
(grfext)             [.png,.pdf,.jpg,.mps,.jpeg,.jbig2,.jb2,.PNG,.PDF,.JPG,.JPE
G,.JBIG2,.JB2,.eps]
(grfext)             \AppendGraphicsExtensions on input line 452.

(/usr/local/texlive/2015/texmf-dist/tex/latex/latexconfig/epstopdf-sys.cfg
File: epstopdf-sys.cfg 2010/07/13 v1.3 Configuration of (r)epstopdf for TeX Liv
e
)))
(/usr/local/texlive/2015/texmf-dist/tex/latex/listings/listings.sty
\lst@mode=\count104
\lst@gtempboxa=\box28
\lst@token=\toks20
\lst@length=\count105
\lst@currlwidth=\dimen116
\lst@column=\count106
\lst@pos=\count107
\lst@lostspace=\dimen117
\lst@width=\dimen118
\lst@newlines=\count108
\lst@lineno=\count109
\lst@maxwidth=\dimen119

(/usr/local/texlive/2015/texmf-dist/tex/latex/listings/lstmisc.sty
File: lstmisc.sty 2014/09/06 1.5e (Carsten Heinz)
\c@lstnumber=\count110
\lst@skipnumbers=\count111
\lst@framebox=\box29
)
(/usr/local/texlive/2015/texmf-dist/tex/latex/listings/listings.cfg
File: listings.cfg 2014/09/06 1.5e listings configuration
))
Package: listings 2014/09/06 1.5e (Carsten Heinz)

(/usr/local/texlive/2015/texmf-dist/tex/latex/tools/multicol.sty
Package: multicol 2015/03/31 v1.8m multicolumn formatting (FMi)
\c@tracingmulticols=\count112
\mult@box=\box30
\multicol@leftmargin=\dimen120
\c@unbalance=\count113
\c@collectmore=\count114
\doublecol@number=\count115
\multicoltolerance=\count116
\multicolpretolerance=\count117
\full@width=\dimen121
\page@free=\dimen122
\premulticols=\dimen123
\postmulticols=\dimen124
\multicolsep=\skip53
\multicolbaselineskip=\skip54
\partial@page=\box31
\last@line=\box32
\maxbalancingoverflow=\dimen125
\mult@rightbox=\box33
\mult@grightbox=\box34
\mult@gfirstbox=\box35
\mult@firstbox=\box36
\@tempa=\box37
\@tempa=\box38
\@tempa=\box39
\@tempa=\box40
\@tempa=\box41
\@tempa=\box42
\@tempa=\box43
\@tempa=\box44
\@tempa=\box45
\@tempa=\box46
\@tempa=\box47
\@tempa=\box48
\@tempa=\box49
\@tempa=\box50
\@tempa=\box51
\@tempa=\box52
\@tempa=\box53
\c@columnbadness=\count118
\c@finalcolumnbadness=\count119
\last@try=\dimen126
\multicolovershoot=\dimen127
\multicolundershoot=\dimen128
\mult@nat@firstbox=\box54
\colbreak@box=\box55
\mc@col@check@num=\count120
)
(/usr/local/texlive/2015/texmf-dist/tex/latex/multirow/multirow.sty
\bigstrutjot=\dimen129
)
(/usr/local/texlive/2015/texmf-dist/tex/latex/pgf/frontendlayer/tikz.sty
(/usr/local/texlive/2015/texmf-dist/tex/latex/pgf/basiclayer/pgf.sty
(/usr/local/texlive/2015/texmf-dist/tex/latex/pgf/utilities/pgfrcs.sty
(/usr/local/texlive/2015/texmf-dist/tex/generic/pgf/utilities/pgfutil-common.te
x
\pgfutil@everybye=\toks21
\pgfutil@tempdima=\dimen130
\pgfutil@tempdimb=\dimen131

(/usr/local/texlive/2015/texmf-dist/tex/generic/pgf/utilities/pgfutil-common-li
sts.tex))
(/usr/local/texlive/2015/texmf-dist/tex/generic/pgf/utilities/pgfutil-latex.def
\pgfutil@abb=\box56
(/usr/local/texlive/2015/texmf-dist/tex/latex/ms/everyshi.sty
Package: everyshi 2001/05/15 v3.00 EveryShipout Package (MS)
))
(/usr/local/texlive/2015/texmf-dist/tex/generic/pgf/utilities/pgfrcs.code.tex
Package: pgfrcs 2013/12/20 v3.0.0 (rcs-revision 1.28)
))
Package: pgf 2013/12/18 v3.0.0 (rcs-revision 1.14)
(/usr/local/texlive/2015/texmf-dist/tex/latex/pgf/basiclayer/pgfcore.sty
(/usr/local/texlive/2015/texmf-dist/tex/latex/pgf/systemlayer/pgfsys.sty
(/usr/local/texlive/2015/texmf-dist/tex/generic/pgf/systemlayer/pgfsys.code.tex
Package: pgfsys 2013/11/30 v3.0.0 (rcs-revision 1.47)
(/usr/local/texlive/2015/texmf-dist/tex/generic/pgf/utilities/pgfkeys.code.tex
\pgfkeys@pathtoks=\toks22
\pgfkeys@temptoks=\toks23

(/usr/local/texlive/2015/texmf-dist/tex/generic/pgf/utilities/pgfkeysfiltered.c
ode.tex
\pgfkeys@tmptoks=\toks24
))
\pgf@x=\dimen132
\pgf@y=\dimen133
\pgf@xa=\dimen134
\pgf@ya=\dimen135
\pgf@xb=\dimen136
\pgf@yb=\dimen137
\pgf@xc=\dimen138
\pgf@yc=\dimen139
\w@pgf@writea=\write3
\r@pgf@reada=\read1
\c@pgf@counta=\count121
\c@pgf@countb=\count122
\c@pgf@countc=\count123
\c@pgf@countd=\count124
\t@pgf@toka=\toks25
\t@pgf@tokb=\toks26
\t@pgf@tokc=\toks27

(/usr/local/texlive/2015/texmf-dist/tex/generic/pgf/systemlayer/pgf.cfg
File: pgf.cfg 2008/05/14  (rcs-revision 1.7)
)
Driver file for pgf: pgfsys-pdftex.def

(/usr/local/texlive/2015/texmf-dist/tex/generic/pgf/systemlayer/pgfsys-pdftex.d
ef
File: pgfsys-pdftex.def 2013/07/18  (rcs-revision 1.33)

(/usr/local/texlive/2015/texmf-dist/tex/generic/pgf/systemlayer/pgfsys-common-p
df.def
File: pgfsys-common-pdf.def 2013/10/10  (rcs-revision 1.13)
)))
(/usr/local/texlive/2015/texmf-dist/tex/generic/pgf/systemlayer/pgfsyssoftpath.
code.tex
File: pgfsyssoftpath.code.tex 2013/09/09  (rcs-revision 1.9)
\pgfsyssoftpath@smallbuffer@items=\count125
\pgfsyssoftpath@bigbuffer@items=\count126
)
(/usr/local/texlive/2015/texmf-dist/tex/generic/pgf/systemlayer/pgfsysprotocol.
code.tex
File: pgfsysprotocol.code.tex 2006/10/16  (rcs-revision 1.4)
)) (/usr/local/texlive/2015/texmf-dist/tex/latex/xcolor/xcolor.sty
Package: xcolor 2007/01/21 v2.11 LaTeX color extensions (UK)

(/usr/local/texlive/2015/texmf-dist/tex/latex/latexconfig/color.cfg
File: color.cfg 2007/01/18 v1.5 color configuration of teTeX/TeXLive
)
Package xcolor Info: Driver file: pdftex.def on input line 225.
LaTeX Info: Redefining \color on input line 702.
Package xcolor Info: Model `cmy' substituted by `cmy0' on input line 1337.
Package xcolor Info: Model `hsb' substituted by `rgb' on input line 1341.
Package xcolor Info: Model `RGB' extended on input line 1353.
Package xcolor Info: Model `HTML' substituted by `rgb' on input line 1355.
Package xcolor Info: Model `Hsb' substituted by `hsb' on input line 1356.
Package xcolor Info: Model `tHsb' substituted by `hsb' on input line 1357.
Package xcolor Info: Model `HSB' substituted by `hsb' on input line 1358.
Package xcolor Info: Model `Gray' substituted by `gray' on input line 1359.
Package xcolor Info: Model `wave' substituted by `hsb' on input line 1360.
)
(/usr/local/texlive/2015/texmf-dist/tex/generic/pgf/basiclayer/pgfcore.code.tex
Package: pgfcore 2010/04/11 v3.0.0 (rcs-revision 1.7)
(/usr/local/texlive/2015/texmf-dist/tex/generic/pgf/math/pgfmath.code.tex
(/usr/local/texlive/2015/texmf-dist/tex/generic/pgf/math/pgfmathcalc.code.tex
(/usr/local/texlive/2015/texmf-dist/tex/generic/pgf/math/pgfmathutil.code.tex)
(/usr/local/texlive/2015/texmf-dist/tex/generic/pgf/math/pgfmathparser.code.tex
\pgfmath@dimen=\dimen140
\pgfmath@count=\count127
\pgfmath@box=\box57
\pgfmath@toks=\toks28
\pgfmath@stack@operand=\toks29
\pgfmath@stack@operation=\toks30
)
(/usr/local/texlive/2015/texmf-dist/tex/generic/pgf/math/pgfmathfunctions.code.
tex
(/usr/local/texlive/2015/texmf-dist/tex/generic/pgf/math/pgfmathfunctions.basic
.code.tex)
(/usr/local/texlive/2015/texmf-dist/tex/generic/pgf/math/pgfmathfunctions.trigo
nometric.code.tex)
(/usr/local/texlive/2015/texmf-dist/tex/generic/pgf/math/pgfmathfunctions.rando
m.code.tex)
(/usr/local/texlive/2015/texmf-dist/tex/generic/pgf/math/pgfmathfunctions.compa
rison.code.tex)
(/usr/local/texlive/2015/texmf-dist/tex/generic/pgf/math/pgfmathfunctions.base.
code.tex)
(/usr/local/texlive/2015/texmf-dist/tex/generic/pgf/math/pgfmathfunctions.round
.code.tex)
(/usr/local/texlive/2015/texmf-dist/tex/generic/pgf/math/pgfmathfunctions.misc.
code.tex)
(/usr/local/texlive/2015/texmf-dist/tex/generic/pgf/math/pgfmathfunctions.integ
erarithmetics.code.tex)))
(/usr/local/texlive/2015/texmf-dist/tex/generic/pgf/math/pgfmathfloat.code.tex
\c@pgfmathroundto@lastzeros=\count128
))
(/usr/local/texlive/2015/texmf-dist/tex/generic/pgf/basiclayer/pgfcorepoints.co
de.tex
File: pgfcorepoints.code.tex 2013/10/07  (rcs-revision 1.27)
\pgf@picminx=\dimen141
\pgf@picmaxx=\dimen142
\pgf@picminy=\dimen143
\pgf@picmaxy=\dimen144
\pgf@pathminx=\dimen145
\pgf@pathmaxx=\dimen146
\pgf@pathminy=\dimen147
\pgf@pathmaxy=\dimen148
\pgf@xx=\dimen149
\pgf@xy=\dimen150
\pgf@yx=\dimen151
\pgf@yy=\dimen152
\pgf@zx=\dimen153
\pgf@zy=\dimen154
)
(/usr/local/texlive/2015/texmf-dist/tex/generic/pgf/basiclayer/pgfcorepathconst
ruct.code.tex
File: pgfcorepathconstruct.code.tex 2013/10/07  (rcs-revision 1.29)
\pgf@path@lastx=\dimen155
\pgf@path@lasty=\dimen156
)
(/usr/local/texlive/2015/texmf-dist/tex/generic/pgf/basiclayer/pgfcorepathusage
.code.tex
File: pgfcorepathusage.code.tex 2013/12/13  (rcs-revision 1.23)
\pgf@shorten@end@additional=\dimen157
\pgf@shorten@start@additional=\dimen158
)
(/usr/local/texlive/2015/texmf-dist/tex/generic/pgf/basiclayer/pgfcorescopes.co
de.tex
File: pgfcorescopes.code.tex 2013/10/09  (rcs-revision 1.44)
\pgfpic=\box58
\pgf@hbox=\box59
\pgf@layerbox@main=\box60
\pgf@picture@serial@count=\count129
)
(/usr/local/texlive/2015/texmf-dist/tex/generic/pgf/basiclayer/pgfcoregraphicst
ate.code.tex
File: pgfcoregraphicstate.code.tex 2013/09/19  (rcs-revision 1.11)
\pgflinewidth=\dimen159
)
(/usr/local/texlive/2015/texmf-dist/tex/generic/pgf/basiclayer/pgfcoretransform
ations.code.tex
File: pgfcoretransformations.code.tex 2013/10/10  (rcs-revision 1.17)
\pgf@pt@x=\dimen160
\pgf@pt@y=\dimen161
\pgf@pt@temp=\dimen162
)
(/usr/local/texlive/2015/texmf-dist/tex/generic/pgf/basiclayer/pgfcorequick.cod
e.tex
File: pgfcorequick.code.tex 2008/10/09  (rcs-revision 1.3)
)
(/usr/local/texlive/2015/texmf-dist/tex/generic/pgf/basiclayer/pgfcoreobjects.c
ode.tex
File: pgfcoreobjects.code.tex 2006/10/11  (rcs-revision 1.2)
)
(/usr/local/texlive/2015/texmf-dist/tex/generic/pgf/basiclayer/pgfcorepathproce
ssing.code.tex
File: pgfcorepathprocessing.code.tex 2013/09/09  (rcs-revision 1.9)
)
(/usr/local/texlive/2015/texmf-dist/tex/generic/pgf/basiclayer/pgfcorearrows.co
de.tex
File: pgfcorearrows.code.tex 2013/11/07  (rcs-revision 1.40)
\pgfarrowsep=\dimen163
)
(/usr/local/texlive/2015/texmf-dist/tex/generic/pgf/basiclayer/pgfcoreshade.cod
e.tex
File: pgfcoreshade.code.tex 2013/07/15  (rcs-revision 1.15)
\pgf@max=\dimen164
\pgf@sys@shading@range@num=\count130
)
(/usr/local/texlive/2015/texmf-dist/tex/generic/pgf/basiclayer/pgfcoreimage.cod
e.tex
File: pgfcoreimage.code.tex 2013/07/15  (rcs-revision 1.18)

(/usr/local/texlive/2015/texmf-dist/tex/generic/pgf/basiclayer/pgfcoreexternal.
code.tex
File: pgfcoreexternal.code.tex 2013/07/15  (rcs-revision 1.20)
\pgfexternal@startupbox=\box61
))
(/usr/local/texlive/2015/texmf-dist/tex/generic/pgf/basiclayer/pgfcorelayers.co
de.tex
File: pgfcorelayers.code.tex 2013/07/18  (rcs-revision 1.7)
)
(/usr/local/texlive/2015/texmf-dist/tex/generic/pgf/basiclayer/pgfcoretranspare
ncy.code.tex
File: pgfcoretransparency.code.tex 2013/09/30  (rcs-revision 1.5)
)
(/usr/local/texlive/2015/texmf-dist/tex/generic/pgf/basiclayer/pgfcorepatterns.
code.tex
File: pgfcorepatterns.code.tex 2013/11/07  (rcs-revision 1.5)
)))
(/usr/local/texlive/2015/texmf-dist/tex/generic/pgf/modules/pgfmoduleshapes.cod
e.tex
File: pgfmoduleshapes.code.tex 2013/10/31  (rcs-revision 1.34)
\pgfnodeparttextbox=\box62
)
(/usr/local/texlive/2015/texmf-dist/tex/generic/pgf/modules/pgfmoduleplot.code.
tex
File: pgfmoduleplot.code.tex 2013/07/31  (rcs-revision 1.12)
)
(/usr/local/texlive/2015/texmf-dist/tex/latex/pgf/compatibility/pgfcomp-version
-0-65.sty
Package: pgfcomp-version-0-65 2007/07/03 v3.0.0 (rcs-revision 1.7)
\pgf@nodesepstart=\dimen165
\pgf@nodesepend=\dimen166
)
(/usr/local/texlive/2015/texmf-dist/tex/latex/pgf/compatibility/pgfcomp-version
-1-18.sty
Package: pgfcomp-version-1-18 2007/07/23 v3.0.0 (rcs-revision 1.1)
))
(/usr/local/texlive/2015/texmf-dist/tex/latex/pgf/utilities/pgffor.sty
(/usr/local/texlive/2015/texmf-dist/tex/latex/pgf/utilities/pgfkeys.sty
(/usr/local/texlive/2015/texmf-dist/tex/generic/pgf/utilities/pgfkeys.code.tex)
) (/usr/local/texlive/2015/texmf-dist/tex/latex/pgf/math/pgfmath.sty
(/usr/local/texlive/2015/texmf-dist/tex/generic/pgf/math/pgfmath.code.tex))
(/usr/local/texlive/2015/texmf-dist/tex/generic/pgf/utilities/pgffor.code.tex
Package: pgffor 2013/12/13 v3.0.0 (rcs-revision 1.25)

(/usr/local/texlive/2015/texmf-dist/tex/generic/pgf/math/pgfmath.code.tex)
\pgffor@iter=\dimen167
\pgffor@skip=\dimen168
\pgffor@stack=\toks31
\pgffor@toks=\toks32
))
(/usr/local/texlive/2015/texmf-dist/tex/generic/pgf/frontendlayer/tikz/tikz.cod
e.tex
Package: tikz 2013/12/13 v3.0.0 (rcs-revision 1.142)

(/usr/local/texlive/2015/texmf-dist/tex/generic/pgf/libraries/pgflibraryplothan
dlers.code.tex
File: pgflibraryplothandlers.code.tex 2013/08/31 v3.0.0 (rcs-revision 1.20)
\pgf@plot@mark@count=\count131
\pgfplotmarksize=\dimen169
)
\tikz@lastx=\dimen170
\tikz@lasty=\dimen171
\tikz@lastxsaved=\dimen172
\tikz@lastysaved=\dimen173
\tikzleveldistance=\dimen174
\tikzsiblingdistance=\dimen175
\tikz@figbox=\box63
\tikz@figbox@bg=\box64
\tikz@tempbox=\box65
\tikz@tempbox@bg=\box66
\tikztreelevel=\count132
\tikznumberofchildren=\count133
\tikznumberofcurrentchild=\count134
\tikz@fig@count=\count135

(/usr/local/texlive/2015/texmf-dist/tex/generic/pgf/modules/pgfmodulematrix.cod
e.tex
File: pgfmodulematrix.code.tex 2013/09/17  (rcs-revision 1.8)
\pgfmatrixcurrentrow=\count136
\pgfmatrixcurrentcolumn=\count137
\pgf@matrix@numberofcolumns=\count138
)
\tikz@expandcount=\count139

(/usr/local/texlive/2015/texmf-dist/tex/generic/pgf/frontendlayer/tikz/librarie
s/tikzlibrarytopaths.code.tex
File: tikzlibrarytopaths.code.tex 2008/06/17 v3.0.0 (rcs-revision 1.2)
)))
(/usr/local/texlive/2015/texmf-dist/tex/latex/hyperref/hyperref.sty
Package: hyperref 2012/11/06 v6.83m Hypertext links for LaTeX

(/usr/local/texlive/2015/texmf-dist/tex/generic/oberdiek/hobsub-hyperref.sty
Package: hobsub-hyperref 2012/05/28 v1.13 Bundle oberdiek, subset hyperref (HO)


(/usr/local/texlive/2015/texmf-dist/tex/generic/oberdiek/hobsub-generic.sty
Package: hobsub-generic 2012/05/28 v1.13 Bundle oberdiek, subset generic (HO)
Package: hobsub 2012/05/28 v1.13 Construct package bundles (HO)
Package hobsub Info: Skipping package `infwarerr' (already loaded).
Package hobsub Info: Skipping package `ltxcmds' (already loaded).
Package hobsub Info: Skipping package `ifluatex' (already loaded).
Package: ifvtex 2010/03/01 v1.5 Detect VTeX and its facilities (HO)
Package ifvtex Info: VTeX not detected.
Package: intcalc 2007/09/27 v1.1 Expandable calculations with integers (HO)
Package hobsub Info: Skipping package `ifpdf' (already loaded).
Package hobsub Info: Skipping package `etexcmds' (already loaded).
Package hobsub Info: Skipping package `kvsetkeys' (already loaded).
Package hobsub Info: Skipping package `kvdefinekeys' (already loaded).
Package hobsub Info: Skipping package `pdftexcmds' (already loaded).
Package: pdfescape 2011/11/25 v1.13 Implements pdfTeX's escape features (HO)
Package: bigintcalc 2012/04/08 v1.3 Expandable calculations on big integers (HO
)
Package: bitset 2011/01/30 v1.1 Handle bit-vector datatype (HO)
Package: uniquecounter 2011/01/30 v1.2 Provide unlimited unique counter (HO)
)
Package hobsub Info: Skipping package `hobsub' (already loaded).
Package: letltxmacro 2010/09/02 v1.4 Let assignment for LaTeX macros (HO)
Package: hopatch 2012/05/28 v1.2 Wrapper for package hooks (HO)
Package: xcolor-patch 2011/01/30 xcolor patch
Package: atveryend 2011/06/30 v1.8 Hooks at the very end of document (HO)
Package atveryend Info: \enddocument detected (standard20110627).
Package: atbegshi 2011/10/05 v1.16 At begin shipout hook (HO)
Package: refcount 2011/10/16 v3.4 Data extraction from label references (HO)
Package: hycolor 2011/01/30 v1.7 Color options for hyperref/bookmark (HO)
)
(/usr/local/texlive/2015/texmf-dist/tex/generic/ifxetex/ifxetex.sty
Package: ifxetex 2010/09/12 v0.6 Provides ifxetex conditional
)
(/usr/local/texlive/2015/texmf-dist/tex/latex/oberdiek/auxhook.sty
Package: auxhook 2011/03/04 v1.3 Hooks for auxiliary files (HO)
)
\@linkdim=\dimen176
\Hy@linkcounter=\count140
\Hy@pagecounter=\count141

(/usr/local/texlive/2015/texmf-dist/tex/latex/hyperref/pd1enc.def
File: pd1enc.def 2012/11/06 v6.83m Hyperref: PDFDocEncoding definition (HO)
)
\Hy@SavedSpaceFactor=\count142

(/usr/local/texlive/2015/texmf-dist/tex/latex/latexconfig/hyperref.cfg
File: hyperref.cfg 2002/06/06 v1.2 hyperref configuration of TeXLive
)
Package hyperref Info: Hyper figures OFF on input line 4443.
Package hyperref Info: Link nesting OFF on input line 4448.
Package hyperref Info: Hyper index ON on input line 4451.
Package hyperref Info: Plain pages OFF on input line 4458.
Package hyperref Info: Backreferencing OFF on input line 4463.
Package hyperref Info: Implicit mode ON; LaTeX internals redefined.
Package hyperref Info: Bookmarks ON on input line 4688.
\c@Hy@tempcnt=\count143
LaTeX Info: Redefining \url on input line 5041.
\XeTeXLinkMargin=\dimen177
\Fld@menulength=\count144
\Field@Width=\dimen178
\Fld@charsize=\dimen179
Package hyperref Info: Hyper figures OFF on input line 6295.
Package hyperref Info: Link nesting OFF on input line 6300.
Package hyperref Info: Hyper index ON on input line 6303.
Package hyperref Info: backreferencing OFF on input line 6310.
Package hyperref Info: Link coloring OFF on input line 6315.
Package hyperref Info: Link coloring with OCG OFF on input line 6320.
Package hyperref Info: PDF/A mode OFF on input line 6325.
LaTeX Info: Redefining \ref on input line 6365.
LaTeX Info: Redefining \pageref on input line 6369.
\Hy@abspage=\count145
\c@Item=\count146
\c@Hfootnote=\count147
)

Package hyperref Message: Driver (autodetected): hpdftex.

(/usr/local/texlive/2015/texmf-dist/tex/latex/hyperref/hpdftex.def
File: hpdftex.def 2012/11/06 v6.83m Hyperref driver for pdfTeX
\Fld@listcount=\count148
\c@bookmark@seq@number=\count149

(/usr/local/texlive/2015/texmf-dist/tex/latex/oberdiek/rerunfilecheck.sty
Package: rerunfilecheck 2011/04/15 v1.7 Rerun checks for auxiliary files (HO)
Package uniquecounter Info: New unique counter `rerunfilecheck' on input line 2
82.
)
\Hy@SectionHShift=\skip55
)
(/usr/local/texlive/2015/texmf-dist/tex/latex/booktabs/booktabs.sty
Package: booktabs 2005/04/14 v1.61803 publication quality tables
\heavyrulewidth=\dimen180
\lightrulewidth=\dimen181
\cmidrulewidth=\dimen182
\belowrulesep=\dimen183
\belowbottomsep=\dimen184
\aboverulesep=\dimen185
\abovetopsep=\dimen186
\cmidrulesep=\dimen187
\cmidrulekern=\dimen188
\defaultaddspace=\dimen189
\@cmidla=\count150
\@cmidlb=\count151
\@aboverulesep=\dimen190
\@belowrulesep=\dimen191
\@thisruleclass=\count152
\@lastruleclass=\count153
\@thisrulewidth=\dimen192
)
(/usr/local/texlive/2015/texmf-dist/tex/latex/mathtools/mathtools.sty
Package: mathtools 2015/05/11 v1.16 mathematical typesetting tools

(/usr/local/texlive/2015/texmf-dist/tex/latex/tools/calc.sty
Package: calc 2014/10/28 v4.3 Infix arithmetic (KKT,FJ)
\calc@Acount=\count154
\calc@Bcount=\count155
\calc@Adimen=\dimen193
\calc@Bdimen=\dimen194
\calc@Askip=\skip56
\calc@Bskip=\skip57
LaTeX Info: Redefining \setlength on input line 80.
LaTeX Info: Redefining \addtolength on input line 81.
\calc@Ccount=\count156
\calc@Cskip=\skip58
)
(/usr/local/texlive/2015/texmf-dist/tex/latex/mathtools/mhsetup.sty
Package: mhsetup 2010/01/21 v1.2a programming setup (MH)
)
LaTeX Info: Thecontrolsequence`\('isalreadyrobust on input line 129.
LaTeX Info: Thecontrolsequence`\)'isalreadyrobust on input line 129.
LaTeX Info: Thecontrolsequence`\['isalreadyrobust on input line 129.
LaTeX Info: Thecontrolsequence`\]'isalreadyrobust on input line 129.
\g_MT_multlinerow_int=\count157
\l_MT_multwidth_dim=\dimen195
\origjot=\skip59
\l_MT_shortvdotswithinadjustabove_dim=\dimen196
\l_MT_shortvdotswithinadjustbelow_dim=\dimen197
\l_MT_above_intertext_sep=\dimen198
\l_MT_below_intertext_sep=\dimen199
\l_MT_above_shortintertext_sep=\dimen200
\l_MT_below_shortintertext_sep=\dimen201
)
(/usr/local/texlive/2015/texmf-dist/tex/latex/cleveref/cleveref.sty
Package: cleveref 2013/12/28 v0.19 Intelligent cross-referencing
Package cleveref Info: `hyperref' support loaded on input line 2230.
LaTeX Info: Redefining \cref on input line 2230.
LaTeX Info: Redefining \Cref on input line 2230.
LaTeX Info: Redefining \crefrange on input line 2230.
LaTeX Info: Redefining \Crefrange on input line 2230.
LaTeX Info: Redefining \cpageref on input line 2230.
LaTeX Info: Redefining \Cpageref on input line 2230.
LaTeX Info: Redefining \cpagerefrange on input line 2230.
LaTeX Info: Redefining \Cpagerefrange on input line 2230.
LaTeX Info: Redefining \labelcref on input line 2230.
LaTeX Info: Redefining \labelcpageref on input line 2230.
Package cleveref Info: `listings' support loaded on input line 2950.
Package cleveref Info: always capitalise cross-reference names on input line 74
65.
Package cleveref Info: always capitalise cross-reference names on input line 74
93.
Package cleveref Info: no abbreviation of names on input line 7493.
)
(/usr/local/texlive/2015/texmf-dist/tex/latex/enumitem/enumitem.sty
Package: enumitem 2011/09/28 v3.5.2 Customized lists
\labelindent=\skip60
\enit@outerparindent=\dimen202
\enit@toks=\toks33
\enit@inbox=\box67
\enitdp@description=\count158
)
(./tex/MathDef.tex
(/usr/local/texlive/2015/texmf-dist/tex/latex/tools/xspace.sty
Package: xspace 2014/10/28 v1.13 Space after command names (DPC,MH)
))
\c@constraintcounter=\count159

(./light_rail-icaps16.aux)
\openout1 = `light_rail-icaps16.aux'.

LaTeX Font Info:    Checking defaults for OML/cmm/m/it on input line 152.
LaTeX Font Info:    ... okay on input line 152.
LaTeX Font Info:    Checking defaults for T1/cmr/m/n on input line 152.
LaTeX Font Info:    ... okay on input line 152.
LaTeX Font Info:    Checking defaults for OT1/cmr/m/n on input line 152.
LaTeX Font Info:    ... okay on input line 152.
LaTeX Font Info:    Checking defaults for OMS/cmsy/m/n on input line 152.
LaTeX Font Info:    ... okay on input line 152.
LaTeX Font Info:    Checking defaults for OMX/cmex/m/n on input line 152.
LaTeX Font Info:    ... okay on input line 152.
LaTeX Font Info:    Checking defaults for U/cmr/m/n on input line 152.
LaTeX Font Info:    ... okay on input line 152.
LaTeX Font Info:    Checking defaults for PD1/pdf/m/n on input line 152.
LaTeX Font Info:    ... okay on input line 152.
LaTeX Font Info:    Try loading font information for OT1+ptm on input line 152.


(/usr/local/texlive/2015/texmf-dist/tex/latex/psnfss/ot1ptm.fd
File: ot1ptm.fd 2001/06/04 font definitions for OT1/ptm.
)
(/usr/local/texlive/2015/texmf-dist/tex/context/base/supp-pdf.mkii
[Loading MPS to PDF converter (version 2006.09.02).]
\scratchcounter=\count160
\scratchdimen=\dimen203
\scratchbox=\box68
\nofMPsegments=\count161
\nofMParguments=\count162
\everyMPshowfont=\toks34
\MPscratchCnt=\count163
\MPscratchDim=\dimen204
\MPnumerator=\count164
\makeMPintoPDFobject=\count165
\everyMPtoPDFconversion=\toks35
)
\c@lstlisting=\count166
 ABD: EveryShipout initializing macros
\AtBeginShipoutBox=\box69
Package hyperref Info: Link coloring OFF on input line 152.

(/usr/local/texlive/2015/texmf-dist/tex/latex/hyperref/nameref.sty
Package: nameref 2012/10/27 v2.43 Cross-referencing by name of section

(/usr/local/texlive/2015/texmf-dist/tex/generic/oberdiek/gettitlestring.sty
Package: gettitlestring 2010/12/03 v1.4 Cleanup title references (HO)
)
\c@section@level=\count167
)
LaTeX Info: Redefining \ref on input line 152.
LaTeX Info: Redefining \pageref on input line 152.
LaTeX Info: Redefining \nameref on input line 152.

(./light_rail-icaps16.out) (./light_rail-icaps16.out)
\@outlinefile=\write4
\openout4 = `light_rail-icaps16.out'.

LaTeX Font Info:    Font shape `OT1/ptm/bx/n' in size <14.4> not available
(Font)              Font shape `OT1/ptm/b/n' tried instead on input line 179.
LaTeX Font Info:    Try loading font information for U+msa on input line 179.

(/usr/local/texlive/2015/texmf-dist/tex/latex/amsfonts/umsa.fd
File: umsa.fd 2013/01/14 v3.01 AMS symbols A
)
LaTeX Font Info:    Try loading font information for U+msb on input line 179.

(/usr/local/texlive/2015/texmf-dist/tex/latex/amsfonts/umsb.fd
File: umsb.fd 2013/01/14 v3.01 AMS symbols B
)
LaTeX Font Info:    Font shape `OT1/ptm/bx/n' in size <12> not available
(Font)              Font shape `OT1/ptm/b/n' tried instead on input line 179.
LaTeX Font Info:    Try loading font information for OMS+ptm on input line 179.


(/usr/local/texlive/2015/texmf-dist/tex/latex/psnfss/omsptm.fd
File: omsptm.fd 
)
LaTeX Font Info:    Font shape `OMS/ptm/m/n' in size <9> not available
(Font)              Font shape `OMS/cmsy/m/n' tried instead on input line 179.
LaTeX Font Info:    Font shape `OT1/ptm/bx/n' in size <10> not available
(Font)              Font shape `OT1/ptm/b/n' tried instead on input line 180.

(./tex/Abstract.tex) (./tex/Introduction.tex) (./tex/Model.tex
<plots/canberra_transit.pdf, id=55, 659.25246pt x 367.82597pt>
File: plots/canberra_transit.pdf Graphic file (type pdf)

<use plots/canberra_transit.pdf>
Package pdftex.def Info: plots/canberra_transit.pdf used on input line 9.
(pdftex.def)             Requested size: 252.94499pt x 150.50037pt.

<../TRB_paper/plots/pw_queues_homogenous.pdf, id=57, 632.3625pt x 487.8225pt>
File: ../TRB_paper/plots/pw_queues_homogenous.pdf Graphic file (type pdf)

<use ../TRB_paper/plots/pw_queues_homogenous.pdf>
Package pdftex.def Info: ../TRB_paper/plots/pw_queues_homogenous.pdf used on in
put line 15.
(pdftex.def)             Requested size: 222.59283pt x 171.70808pt.
LaTeX Font Info:    Font shape `OMS/ptm/m/n' in size <10> not available
(Font)              Font shape `OMS/cmsy/m/n' tried instead on input line 77.
 [1{/usr/local/texlive/2015/texmf-var/fonts/map/pdftex/updmap/pdftex.map}



]
LaTeX Font Info:    Font shape `OT1/ptm/bx/n' in size <10.95> not available
(Font)              Font shape `OT1/ptm/b/n' tried instead on input line 141.

Underfull \hbox (badness 2005) in paragraph at lines 155--162
\OT1/ptm/m/n/10 be-tween capacity-constrained queues as a Lin-ear Pro-
 []

[2 <./plots/canberra_transit.pdf> <../TRB_paper/plots/pw_queues_homogenous.pdf>
]
Underfull \hbox (badness 1092) in paragraph at lines 280--292
\OT1/ptm/m/n/10 vian up-date be-cause the up-date con-sid-ers the pre-vi-ous
 []

[3]) (./tex/Experiments.tex
<plots/network1.pdf, id=239, 570.80911pt x 219.57684pt>
File: plots/network1.pdf Graphic file (type pdf)

<use plots/network1.pdf>
Package pdftex.def Info: plots/network1.pdf used on input line 33.
(pdftex.def)             Requested size: 237.7689pt x 74.73996pt.

<plots/network2.pdf, id=240, 570.74791pt x 443.52798pt>
File: plots/network2.pdf Graphic file (type pdf)

<use plots/network2.pdf>
Package pdftex.def Info: plots/network2.pdf used on input line 36.
(pdftex.def)             Requested size: 252.94499pt x 178.77321pt.

Overfull \hbox (0.87453pt too wide) in paragraph at lines 33--43
 [][] 
 []


Overfull \hbox (16.05061pt too wide) in paragraph at lines 33--43
 [][] 
 []

<plots/demand_profiles.pdf, id=241, 510.37863pt x 295.84924pt>
File: plots/demand_profiles.pdf Graphic file (type pdf)

<use plots/demand_profiles.pdf>
Package pdftex.def Info: plots/demand_profiles.pdf used on input line 50.
(pdftex.def)             Requested size: 237.7689pt x 137.82578pt.

<plots/Transit1_sched.pdf, id=242, 496.01247pt x 93.96574pt>
File: plots/Transit1_sched.pdf Graphic file (type pdf)

<use plots/Transit1_sched.pdf>
Package pdftex.def Info: plots/Transit1_sched.pdf used on input line 58.
(pdftex.def)             Requested size: 237.7689pt x 34.45856pt.

<plots/Transit2_sched.pdf, id=243, 496.01247pt x 93.96574pt>
File: plots/Transit2_sched.pdf Graphic file (type pdf)

<use plots/Transit2_sched.pdf>
Package pdftex.def Info: plots/Transit2_sched.pdf used on input line 59.
(pdftex.def)             Requested size: 237.7689pt x 45.04425pt.


LaTeX Warning: Text page 4 contains only floats.

[4 <./plots/network1.pdf> <./plots/network2.pdf

pdfTeX warning: /Library/TeX/texbin/pdflatex (file ./plots/network2.pdf): PDF i
nclusion: multiple pdfs with page group included in a single page
> <./plots/demand_profiles.pdf

pdfTeX warning: /Library/TeX/texbin/pdflatex (file ./plots/demand_profiles.pdf)
: PDF inclusion: multiple pdfs with page group included in a single page
> <./plots/Transit1_sched.pdf

pdfTeX warning: /Library/TeX/texbin/pdflatex (file ./plots/Transit1_sched.pdf):
 PDF inclusion: multiple pdfs with page group included in a single page
> <./plots/Transit2_sched.pdf

pdfTeX warning: /Library/TeX/texbin/pdflatex (file ./plots/Transit2_sched.pdf):
 PDF inclusion: multiple pdfs with page group included in a single page
>] <plots/network1_delay.pdf, id=412, 392.47214pt x 271.79512pt>
File: plots/network1_delay.pdf Graphic file (type pdf)

<use plots/network1_delay.pdf>
Package pdftex.def Info: plots/network1_delay.pdf used on input line 92.
(pdftex.def)             Requested size: 247.88887pt x 171.66728pt.

<plots/network2_delay.pdf, id=413, 386.6911pt x 271.79512pt>
File: plots/network2_delay.pdf Graphic file (type pdf)

<use plots/network2_delay.pdf>
Package pdftex.def Info: plots/network2_delay.pdf used on input line 94.
(pdftex.def)             Requested size: 247.88887pt x 174.23444pt.

<plots/network1_boxplots.pdf, id=414, 387.00523pt x 225.3607pt>
File: plots/network1_boxplots.pdf Graphic file (type pdf)

<use plots/network1_boxplots.pdf>
Package pdftex.def Info: plots/network1_boxplots.pdf used on input line 96.
(pdftex.def)             Requested size: 247.88887pt x 144.3507pt.

<plots/network2_boxplots.pdf, id=415, 387.25618pt x 225.3607pt>
File: plots/network2_boxplots.pdf Graphic file (type pdf)

<use plots/network2_boxplots.pdf>
Package pdftex.def Info: plots/network2_boxplots.pdf used on input line 98.
(pdftex.def)             Requested size: 247.88887pt x 144.25786pt.

<plots/network1_t1_reduction.pdf, id=425, 395.70178pt x 281.9973pt>
File: plots/network1_t1_reduction.pdf Graphic file (type pdf)

<use plots/network1_t1_reduction.pdf>
Package pdftex.def Info: plots/network1_t1_reduction.pdf used on input line 230
.
(pdftex.def)             Requested size: 247.88887pt x 176.66095pt.

<plots/network2_t1_reduction.pdf, id=426, 395.70178pt x 281.9973pt>
File: plots/network2_t1_reduction.pdf Graphic file (type pdf)

<use plots/network2_t1_reduction.pdf>
Package pdftex.def Info: plots/network2_t1_reduction.pdf used on input line 232
.
(pdftex.def)             Requested size: 247.88887pt x 176.66095pt.

<plots/network1_t2_reduction.pdf, id=427, 395.70178pt x 281.9973pt>
File: plots/network1_t2_reduction.pdf Graphic file (type pdf)

<use plots/network1_t2_reduction.pdf>
Package pdftex.def Info: plots/network1_t2_reduction.pdf used on input line 234
.
(pdftex.def)             Requested size: 247.88887pt x 176.66095pt.

<plots/network2_t2_reduction.pdf, id=428, 395.70178pt x 281.9973pt>
File: plots/network2_t2_reduction.pdf Graphic file (type pdf)

<use plots/network2_t2_reduction.pdf>
Package pdftex.def Info: plots/network2_t2_reduction.pdf used on input line 236
.
(pdftex.def)             Requested size: 247.88887pt x 176.66095pt.

<plots/avenue_1_f_1w5_hist_0.pdf, id=432, 387.00523pt x 281.11902pt>
File: plots/avenue_1_f_1w5_hist_0.pdf Graphic file (type pdf)

<use plots/avenue_1_f_1w5_hist_0.pdf>
Package pdftex.def Info: plots/avenue_1_f_1w5_hist_0.pdf used on input line 289
.
(pdftex.def)             Requested size: 247.88887pt x 180.06567pt.

<plots/avenue_1_f_1w5_hist_1.pdf, id=433, 387.00523pt x 281.11902pt>
File: plots/avenue_1_f_1w5_hist_1.pdf Graphic file (type pdf)

<use plots/avenue_1_f_1w5_hist_1.pdf>
Package pdftex.def Info: plots/avenue_1_f_1w5_hist_1.pdf used on input line 291
.
(pdftex.def)             Requested size: 247.88887pt x 180.06567pt.

<plots/avenue_1_1w5_hist_0.pdf, id=434, 387.00523pt x 281.11902pt>
File: plots/avenue_1_1w5_hist_0.pdf Graphic file (type pdf)

<use plots/avenue_1_1w5_hist_0.pdf>
Package pdftex.def Info: plots/avenue_1_1w5_hist_0.pdf used on input line 293.
(pdftex.def)             Requested size: 247.88887pt x 180.06567pt.

<plots/avenue_1_1w5_hist_1.pdf, id=435, 387.00523pt x 281.11902pt>
File: plots/avenue_1_1w5_hist_1.pdf Graphic file (type pdf)

<use plots/avenue_1_1w5_hist_1.pdf>
Package pdftex.def Info: plots/avenue_1_1w5_hist_1.pdf used on input line 295.
(pdftex.def)             Requested size: 247.88887pt x 180.06567pt.

<plots/avenue2_1_f_1w5_hist_0.pdf, id=436, 387.00523pt x 281.11902pt>
File: plots/avenue2_1_f_1w5_hist_0.pdf Graphic file (type pdf)

<use plots/avenue2_1_f_1w5_hist_0.pdf>
Package pdftex.def Info: plots/avenue2_1_f_1w5_hist_0.pdf used on input line 30
6.
(pdftex.def)             Requested size: 247.88887pt x 180.06567pt.

<plots/avenue2_1_f_1w5_hist_1.pdf, id=437, 387.00523pt x 281.11902pt>
File: plots/avenue2_1_f_1w5_hist_1.pdf Graphic file (type pdf)

<use plots/avenue2_1_f_1w5_hist_1.pdf>
Package pdftex.def Info: plots/avenue2_1_f_1w5_hist_1.pdf used on input line 30
8.
(pdftex.def)             Requested size: 247.88887pt x 180.06567pt.

<plots/avenue2_1_1w5_hist_0.pdf, id=438, 387.00523pt x 281.11902pt>
File: plots/avenue2_1_1w5_hist_0.pdf Graphic file (type pdf)

<use plots/avenue2_1_1w5_hist_0.pdf>
Package pdftex.def Info: plots/avenue2_1_1w5_hist_0.pdf used on input line 310.

(pdftex.def)             Requested size: 247.88887pt x 180.06567pt.

<plots/avenue2_1_1w5_hist_1.pdf, id=439, 387.00523pt x 281.11902pt>
File: plots/avenue2_1_1w5_hist_1.pdf Graphic file (type pdf)

<use plots/avenue2_1_1w5_hist_1.pdf>
Package pdftex.def Info: plots/avenue2_1_1w5_hist_1.pdf used on input line 312.

(pdftex.def)             Requested size: 247.88887pt x 180.06567pt.

<plots/grid_1_f_1w5_hist_0.pdf, id=440, 387.00523pt x 281.11902pt>
File: plots/grid_1_f_1w5_hist_0.pdf Graphic file (type pdf)

<use plots/grid_1_f_1w5_hist_0.pdf>
Package pdftex.def Info: plots/grid_1_f_1w5_hist_0.pdf used on input line 323.
(pdftex.def)             Requested size: 247.88887pt x 180.06567pt.

<plots/grid_1_f_1w5_hist_1.pdf, id=441, 387.00523pt x 281.11902pt>
File: plots/grid_1_f_1w5_hist_1.pdf Graphic file (type pdf)

<use plots/grid_1_f_1w5_hist_1.pdf>
Package pdftex.def Info: plots/grid_1_f_1w5_hist_1.pdf used on input line 325.
(pdftex.def)             Requested size: 247.88887pt x 180.06567pt.

<plots/grid_1_1w5_hist_0.pdf, id=442, 387.00523pt x 281.11902pt>
File: plots/grid_1_1w5_hist_0.pdf Graphic file (type pdf)

<use plots/grid_1_1w5_hist_0.pdf>
Package pdftex.def Info: plots/grid_1_1w5_hist_0.pdf used on input line 327.
(pdftex.def)             Requested size: 247.88887pt x 180.06567pt.

<plots/grid_1_1w5_hist_1.pdf, id=443, 387.00523pt x 281.11902pt>
File: plots/grid_1_1w5_hist_1.pdf Graphic file (type pdf)

<use plots/grid_1_1w5_hist_1.pdf>
Package pdftex.def Info: plots/grid_1_1w5_hist_1.pdf used on input line 329.
(pdftex.def)             Requested size: 247.88887pt x 180.06567pt.

<plots/grid2b_1_f_1w5_hist_0.pdf, id=444, 387.00523pt x 281.11902pt>
File: plots/grid2b_1_f_1w5_hist_0.pdf Graphic file (type pdf)

<use plots/grid2b_1_f_1w5_hist_0.pdf>
Package pdftex.def Info: plots/grid2b_1_f_1w5_hist_0.pdf used on input line 340
.
(pdftex.def)             Requested size: 247.88887pt x 180.06567pt.

<plots/grid2b_1_f_1w5_hist_1.pdf, id=445, 387.00523pt x 281.11902pt>
File: plots/grid2b_1_f_1w5_hist_1.pdf Graphic file (type pdf)

<use plots/grid2b_1_f_1w5_hist_1.pdf>
Package pdftex.def Info: plots/grid2b_1_f_1w5_hist_1.pdf used on input line 342
.
(pdftex.def)             Requested size: 247.88887pt x 180.06567pt.

<plots/grid2b_1_1w5_hist_0.pdf, id=446, 387.00523pt x 281.11902pt>
File: plots/grid2b_1_1w5_hist_0.pdf Graphic file (type pdf)

<use plots/grid2b_1_1w5_hist_0.pdf>
Package pdftex.def Info: plots/grid2b_1_1w5_hist_0.pdf used on input line 344.
(pdftex.def)             Requested size: 247.88887pt x 180.06567pt.

<plots/grid2b_1_1w5_hist_1.pdf, id=447, 387.00523pt x 281.11902pt>
File: plots/grid2b_1_1w5_hist_1.pdf Graphic file (type pdf)

<use plots/grid2b_1_1w5_hist_1.pdf>
Package pdftex.def Info: plots/grid2b_1_1w5_hist_1.pdf used on input line 346.
(pdftex.def)             Requested size: 247.88887pt x 180.06567pt.
) (./tex/Conclusion.tex [5])
(./light_rail-icaps16.bbl
Underfull \hbox (badness 10000) in paragraph at lines 21--28
[]\OT1/ptm/m/n/10 El-Tantawy,
 []


Underfull \hbox (badness 1237) in paragraph at lines 21--28
\OT1/ptm/m/n/10 re-in-force-ment learn-ing for in-te-grated net-work of adap-
 []


Underfull \hbox (badness 1163) in paragraph at lines 21--28
\OT1/ptm/m/it/10 tel-li-gent Trans-porta-tion Sys-tems, IEEE Trans-ac-tions on
 []


Underfull \vbox (badness 10000) has occurred while \output is active []

 [6 <./plots/network1_delay.pdf> <./plots/network2_delay.pdf

pdfTeX warning: /Library/TeX/texbin/pdflatex (file ./plots/network2_delay.pdf):
 PDF inclusion: multiple pdfs with page group included in a single page
> <./plots/network1_boxplots.pdf

pdfTeX warning: /Library/TeX/texbin/pdflatex (file ./plots/network1_boxplots.pd
f): PDF inclusion: multiple pdfs with page group included in a single page
> <./plots/network2_boxplots.pdf

pdfTeX warning: /Library/TeX/texbin/pdflatex (file ./plots/network2_boxplots.pd
f): PDF inclusion: multiple pdfs with page group included in a single page
>]
Underfull \vbox (badness 10000) has occurred while \output is active []


Underfull \hbox (badness 1701) in paragraph at lines 86--92
\OT1/ptm/m/n/10 A dis-crete traf-fic ki-netic model--integrating the lagged
 []


Underfull \hbox (badness 10000) in paragraph at lines 95--101
[]
 []


Underfull \hbox (badness 4441) in paragraph at lines 95--101
\OT1/ptm/m/n/10 Muralidharan, A.; Dervi-soglu, G.; and Horowitz, R.
 []


Underfull \hbox (badness 6675) in paragraph at lines 104--109
[]\OT1/ptm/m/n/10 Treiber, M.; Hen-
 []


Underfull \vbox (badness 2680) has occurred while \output is active []

 [7 <./plots/network1_t1_reduction.pdf> <./plots/network2_t1_reduction.pdf

pdfTeX warning: /Library/TeX/texbin/pdflatex (file ./plots/network2_t1_reductio
n.pdf): PDF inclusion: multiple pdfs with page group included in a single page
> <./plots/network1_t2_reduction.pdf

pdfTeX warning: /Library/TeX/texbin/pdflatex (file ./plots/network1_t2_reductio
n.pdf): PDF inclusion: multiple pdfs with page group included in a single page
> <./plots/network2_t2_reduction.pdf

pdfTeX warning: /Library/TeX/texbin/pdflatex (file ./plots/network2_t2_reductio
n.pdf): PDF inclusion: multiple pdfs with page group included in a single page
>])
Package atveryend Info: Empty hook `BeforeClearDocument' on input line 231.
 [8

 <./plots/avenue_1_f_1w5_hist_0.pdf> <./plots/avenue_1_f_1w5_hist_1.pdf

pdfTeX warning: /Library/TeX/texbin/pdflatex (file ./plots/avenue_1_f_1w5_hist_
1.pdf): PDF inclusion: multiple pdfs with page group included in a single page
> <./plots/avenue_1_1w5_hist_0.pdf

pdfTeX warning: /Library/TeX/texbin/pdflatex (file ./plots/avenue_1_1w5_hist_0.
pdf): PDF inclusion: multiple pdfs with page group included in a single page
> <./plots/avenue_1_1w5_hist_1.pdf

pdfTeX warning: /Library/TeX/texbin/pdflatex (file ./plots/avenue_1_1w5_hist_1.
pdf): PDF inclusion: multiple pdfs with page group included in a single page
>] [9 <./plots/avenue2_1_f_1w5_hist_0.pdf> <./plots/avenue2_1_f_1w5_hist_1.pdf

pdfTeX warning: /Library/TeX/texbin/pdflatex (file ./plots/avenue2_1_f_1w5_hist
_1.pdf): PDF inclusion: multiple pdfs with page group included in a single page

> <./plots/avenue2_1_1w5_hist_0.pdf

pdfTeX warning: /Library/TeX/texbin/pdflatex (file ./plots/avenue2_1_1w5_hist_0
.pdf): PDF inclusion: multiple pdfs with page group included in a single page
> <./plots/avenue2_1_1w5_hist_1.pdf

pdfTeX warning: /Library/TeX/texbin/pdflatex (file ./plots/avenue2_1_1w5_hist_1
.pdf): PDF inclusion: multiple pdfs with page group included in a single page
>] [10 <./plots/grid_1_f_1w5_hist_0.pdf> <./plots/grid_1_f_1w5_hist_1.pdf

pdfTeX warning: /Library/TeX/texbin/pdflatex (file ./plots/grid_1_f_1w5_hist_1.
pdf): PDF inclusion: multiple pdfs with page group included in a single page
> <./plots/grid_1_1w5_hist_0.pdf

pdfTeX warning: /Library/TeX/texbin/pdflatex (file ./plots/grid_1_1w5_hist_0.pd
f): PDF inclusion: multiple pdfs with page group included in a single page
> <./plots/grid_1_1w5_hist_1.pdf

pdfTeX warning: /Library/TeX/texbin/pdflatex (file ./plots/grid_1_1w5_hist_1.pd
f): PDF inclusion: multiple pdfs with page group included in a single page
>] [11 <./plots/grid2b_1_f_1w5_hist_0.pdf> <./plots/grid2b_1_f_1w5_hist_1.pdf

pdfTeX warning: /Library/TeX/texbin/pdflatex (file ./plots/grid2b_1_f_1w5_hist_
1.pdf): PDF inclusion: multiple pdfs with page group included in a single page
> <./plots/grid2b_1_1w5_hist_0.pdf

pdfTeX warning: /Library/TeX/texbin/pdflatex (file ./plots/grid2b_1_1w5_hist_0.
pdf): PDF inclusion: multiple pdfs with page group included in a single page
> <./plots/grid2b_1_1w5_hist_1.pdf

pdfTeX warning: /Library/TeX/texbin/pdflatex (file ./plots/grid2b_1_1w5_hist_1.
pdf): PDF inclusion: multiple pdfs with page group included in a single page
>]
Package atveryend Info: Empty hook `AfterLastShipout' on input line 231.
 (./light_rail-icaps16.aux)
Package atveryend Info: Executing hook `AtVeryEndDocument' on input line 231.
Package atveryend Info: Executing hook `AtEndAfterFileList' on input line 231.
Package rerunfilecheck Info: File `light_rail-icaps16.out' has not changed.
(rerunfilecheck)             Checksum: 936568805FFFB84E036BE587B50D4F3B;637.
Package atveryend Info: Empty hook `AtVeryVeryEnd' on input line 231.
 )
(\end occurred when \ifdefined on line 34 was incomplete) 
Here is how much of TeX's memory you used:
 20129 strings out of 493089
 377042 string characters out of 6134843
 465367 words of memory out of 5000000
 23085 multiletter control sequences out of 15000+600000
 21458 words of font info for 48 fonts, out of 8000000 for 9000
 1141 hyphenation exceptions out of 8191
 55i,14n,54p,1122b,420s stack positions out of 5000i,500n,10000p,200000b,80000s
{/usr/local/texlive/20
15/texmf-dist/fonts/enc/dvips/base/8r.enc}</usr/local/texlive/2015/texmf-dist/f
onts/type1/public/amsfonts/cm/cmbx10.pfb></usr/local/texlive/2015/texmf-dist/fo
nts/type1/public/amsfonts/cm/cmex10.pfb></usr/local/texlive/2015/texmf-dist/fon
ts/type1/public/amsfonts/cm/cmmi10.pfb></usr/local/texlive/2015/texmf-dist/font
s/type1/public/amsfonts/cm/cmmi5.pfb></usr/local/texlive/2015/texmf-dist/fonts/
type1/public/amsfonts/cm/cmmi7.pfb></usr/local/texlive/2015/texmf-dist/fonts/ty
pe1/public/amsfonts/cm/cmr10.pfb></usr/local/texlive/2015/texmf-dist/fonts/type
1/public/amsfonts/cm/cmr5.pfb></usr/local/texlive/2015/texmf-dist/fonts/type1/p
ublic/amsfonts/cm/cmr7.pfb></usr/local/texlive/2015/texmf-dist/fonts/type1/publ
ic/amsfonts/cm/cmsy10.pfb></usr/local/texlive/2015/texmf-dist/fonts/type1/publi
c/amsfonts/cm/cmsy5.pfb></usr/local/texlive/2015/texmf-dist/fonts/type1/public/
amsfonts/cm/cmsy7.pfb></usr/local/texlive/2015/texmf-dist/fonts/type1/public/am
sfonts/cm/cmsy9.pfb></usr/local/texlive/2015/texmf-dist/fonts/type1/public/amsf
onts/cm/cmti10.pfb></usr/local/texlive/2015/texmf-dist/fonts/type1/urw/times/ut
mb8a.pfb></usr/local/texlive/2015/texmf-dist/fonts/type1/urw/times/utmr8a.pfb><
/usr/local/texlive/2015/texmf-dist/fonts/type1/urw/times/utmri8a.pfb>
Output written on light_rail-icaps16.pdf (11 pages, 1160276 bytes).
PDF statistics:
 1661 PDF objects out of 1728 (max. 8388607)
 591 compressed objects within 6 object streams
 119 named destinations out of 1000 (max. 500000)
 260 words of extra memory for PDF output out of 10000 (max. 10000000)

